<?xml version="1.0" encoding="utf-8"?><testsuites name="pytest tests"><testsuite name="pytest" errors="0" failures="0" skipped="0" tests="12" time="5.182" timestamp="2026-05-28T14:48:17.524943+00:00" hostname="agent-env-8d3e7493-b972-4ca3-8b05-e9a41415f969"><testcase classname="backend.tests.test_economy_flow.TestEconomyFlow" name="test_01_guest_signup" time="0.295" /><testcase classname="backend.tests.test_economy_flow.TestEconomyFlow" name="test_02_match_start_first_ticket" time="0.068" /><testcase classname="backend.tests.test_economy_flow.TestEconomyFlow" name="test_03_match_start_drain_tickets" time="0.223" /><testcase classname="backend.tests.test_economy_flow.TestEconomyFlow" name="test_04_match_start_first_coin" time="0.053" /><testcase classname="backend.tests.test_economy_flow.TestEconomyFlow" name="test_05_match_start_until_insufficient" time="0.546" /><testcase classname="backend.tests.test_economy_flow.TestEconomyFlow" name="test_06_ads_progress_initial" time="0.049" /><testcase classname="backend.tests.test_economy_flow.TestEconomyFlow" name="test_07_ads_watch_first" time="0.057" /><testcase classname="backend.tests.test_economy_flow.TestEconomyFlow" name="test_08_ads_watch_second_grants" time="3.549" /><testcase classname="backend.tests.test_economy_flow.TestEconomyFlow" name="test_09_ads_watch_too_fast" time="0.051" /><testcase classname="backend.tests.test_economy_flow.TestEconomyFlow" name="test_10_daily_status" time="0.048" /><testcase classname="backend.tests.test_economy_flow.TestEconomyFlow" name="test_11_daily_claim" time="0.152" /><testcase classname="backend.tests.test_economy_flow.TestEconomyFlow" name="test_12_match_start_after_daily" time="0.050" /></testsuite></testsuites>