<?xml version="1.0" encoding="utf-8"?><testsuites name="pytest tests"><testsuite name="pytest" errors="0" failures="1" skipped="0" tests="23" time="5.666" timestamp="2026-05-27T21:19:58.657472+00:00" hostname="agent-env-8d3e7493-b972-4ca3-8b05-e9a41415f969"><testcase classname="tests.test_backend_api.TestAuth" name="test_root" time="0.201" /><testcase classname="tests.test_backend_api.TestAuth" name="test_guest_signup_defaults" time="0.182" /><testcase classname="tests.test_backend_api.TestAuth" name="test_guest_auto_username" time="0.144" /><testcase classname="tests.test_backend_api.TestAuth" name="test_auth_me_with_token" time="0.300" /><testcase classname="tests.test_backend_api.TestAuth" name="test_auth_me_without_token" time="0.098" /><testcase classname="tests.test_backend_api.TestAuth" name="test_auth_session_missing_id" time="0.105" /><testcase classname="tests.test_backend_api.TestAuth" name="test_auth_session_invalid_id" time="0.243" /><testcase classname="tests.test_backend_api.TestAuth" name="test_auth_logout" time="0.306" /><testcase classname="tests.test_backend_api.TestMatch" name="test_match_win_updates" time="0.300" /><testcase classname="tests.test_backend_api.TestMatch" name="test_match_loss_no_negative_rp" time="0.296" /><testcase classname="tests.test_backend_api.TestShop" name="test_shop_items" time="0.281" /><testcase classname="tests.test_backend_api.TestShop" name="test_shop_purchase_with_tickets" time="0.250" /><testcase classname="tests.test_backend_api.TestShop" name="test_shop_purchase_with_coins" time="0.246"><failure message="AssertionError: {&quot;detail&quot;:&quot;Not enough coins&quot;}&#10;assert 400 == 200&#10; +  where 400 = &lt;Response [400]&gt;.status_code">tests/test_backend_api.py:115: in test_shop_purchase_with_coins
    assert r.status_code == 200, r.text
E   AssertionError: {"detail":"Not enough coins"}
E   assert 400 == 200
E    +  where 400 = &lt;Response [400]&gt;.status_code</failure></testcase><testcase classname="tests.test_backend_api.TestShop" name="test_shop_purchase_invalid_item" time="0.228" /><testcase classname="tests.test_backend_api.TestShop" name="test_shop_purchase_insufficient" time="0.267" /><testcase classname="tests.test_backend_api.TestAds" name="test_ads_reward" time="0.241" /><testcase classname="tests.test_backend_api.TestDaily" name="test_daily_status_initial" time="0.246" /><testcase classname="tests.test_backend_api.TestDaily" name="test_daily_claim_and_cooldown" time="0.462" /><testcase classname="tests.test_backend_api.TestMissions" name="test_missions_list" time="0.236" /><testcase classname="tests.test_backend_api.TestMissions" name="test_missions_claim_not_complete" time="0.228" /><testcase classname="tests.test_backend_api.TestMissions" name="test_missions_claim_invalid" time="0.254" /><testcase classname="tests.test_backend_api.TestLeaderboard" name="test_leaderboard" time="0.245" /><testcase classname="tests.test_backend_api.TestProfile" name="test_profile_update" time="0.223" /></testsuite></testsuites>